<?xml version="1.0" encoding="UTF-8"?>
<!-- Generated by org.testng.reporters.JUnitReportReporter -->
<testsuite hostname="DESKTOP-GMO2ANI" failures="0" tests="5" name="com.qa.hubspot.tests.AccountsPageTest" time="7.202" errors="0" timestamp="25 May 2021 20:41:06 GMT" skipped="0">
  <testcase classname="com.qa.hubspot.tests.AccountsPageTest" name="verifyAccountsPageHeaderTest" time="2.436"/>
  <testcase classname="com.qa.hubspot.tests.AccountsPageTest" name="accountsPageTitleTest" time="0.017"/>
  <testcase classname="com.qa.hubspot.tests.AccountsPageTest" name="verifyMyAccountSectionsCountTest" time="0.041"/>
  <testcase classname="com.qa.hubspot.tests.AccountsPageTest" name="verifyMyAccountSectionsListTest" time="0.120"/>
  <testcase classname="com.qa.hubspot.tests.AccountsPageTest" name="searchTest" time="4.588"/>
</testsuite> <!-- com.qa.hubspot.tests.AccountsPageTest -->
