<?xml version="1.0" encoding="UTF-8"?>
<!-- Generated by org.testng.reporters.JUnitReportReporter -->
<testsuite hostname="DESKTOP-GMO2ANI" failures="0" tests="3" name="com.qa.hubspot.tests.ProductInfoTest" time="25.032" errors="0" timestamp="25 May 2021 20:41:06 GMT" skipped="0">
  <testcase classname="com.qa.hubspot.tests.ProductInfoTest" name="verifyProductInfoTest_iMac" time="8.492"/>
  <testcase classname="com.qa.hubspot.tests.ProductInfoTest" name="verifyProductInfoTest_MacBook" time="8.419"/>
  <testcase classname="com.qa.hubspot.tests.ProductInfoTest" name="ProductInforPageTitleTest_iMac" time="8.121"/>
</testsuite> <!-- com.qa.hubspot.tests.ProductInfoTest -->
