<?xml version="1.0" encoding="UTF-8"?>
<!-- Generated by org.testng.reporters.JUnitReportReporter -->
<testsuite hostname="DESKTOP-GMO2ANI" failures="0" tests="3" name="com.qa.hubspot.tests.LoginPageTest" time="9.023" errors="0" timestamp="25 May 2021 20:41:06 GMT" skipped="0">
  <testcase classname="com.qa.hubspot.tests.LoginPageTest" name="verifyLoginPageTitleTest" time="0.368"/>
  <testcase classname="com.qa.hubspot.tests.LoginPageTest" name="verifyForgotPwdLinkTest" time="1.417"/>
  <testcase classname="com.qa.hubspot.tests.LoginPageTest" name="loginTest" time="7.238"/>
</testsuite> <!-- com.qa.hubspot.tests.LoginPageTest -->
