<?xml version="1.0" encoding="UTF-8"?>
<!-- Generated by org.testng.reporters.JUnitReportReporter -->
<testsuite skipped="0" hostname="DESKTOP-GMO2ANI" name="com.qa.hubspot.tests.RegisterPageTest" tests="4" failures="0" timestamp="24 May 2021 07:15:48 GMT" time="11.407" errors="0">
  <testcase name="userRegisterationTest" time="2.973" classname="com.qa.hubspot.tests.RegisterPageTest"/>
  <testcase name="userRegisterationTest" time="3.051" classname="com.qa.hubspot.tests.RegisterPageTest"/>
  <testcase name="userRegisterationTest" time="2.824" classname="com.qa.hubspot.tests.RegisterPageTest"/>
  <testcase name="userRegisterationTest" time="2.559" classname="com.qa.hubspot.tests.RegisterPageTest"/>
</testsuite> <!-- com.qa.hubspot.tests.RegisterPageTest -->
