<?xml version="1.0" encoding="UTF-8"?>
<!-- Generated by org.testng.reporters.JUnitReportReporter -->
<testsuite hostname="DESKTOP-GMO2ANI" failures="0" tests="2" name="runner.RunCuke" time="33.293" errors="0" timestamp="16 May 2021 08:59:07 GMT">
  <testcase classname="runner.RunCuke" name="feature" time="22.563"/>
  <testcase classname="runner.RunCuke" name="feature" time="10.730"/>
</testsuite> <!-- runner.RunCuke -->
