<?xml version="1.0" encoding="UTF-8"?>
<!-- Generated by org.testng.reporters.JUnitReportReporter -->
<testsuite skipped="0" hostname="DESKTOP-GMO2ANI" name="testclasses.TestNG_Parallel2" tests="2" failures="0" timestamp="15 May 2021 07:00:08 GMT" time="12.024" errors="0">
  <testcase name="testMethod2" time="6.012" classname="testclasses.TestNG_Parallel2"/>
  <testcase name="testMethod1" time="6.012" classname="testclasses.TestNG_Parallel2"/>
</testsuite> <!-- testclasses.TestNG_Parallel2 -->
