<?xml version="1.0" encoding="UTF-8"?>
<!-- Generated by org.testng.reporters.JUnitReportReporter -->
<testsuite skipped="0" hostname="DESKTOP-GMO2ANI" name="testclasses.TestNG_Parameters" tests="1" failures="0" timestamp="15 May 2021 06:48:55 GMT" time="0.007" errors="0">
  <testcase name="testMethod1" time="0.007" classname="testclasses.TestNG_Parameters"/>
</testsuite> <!-- testclasses.TestNG_Parameters -->
