<?xml version="1.0" encoding="UTF-8"?>
<!-- Generated by org.testng.reporters.JUnitReportReporter -->
<testsuite skipped="0" hostname="DESKTOP-OCALJE9" name="testclasses.TestNG_Preserve2" tests="2" failures="0" timestamp="16 Apr 2020 07:13:15 GMT" time="0.021" errors="0">
  <testcase name="testMethod1" time="0.015" classname="testclasses.TestNG_Preserve2"/>
  <testcase name="testMethod2" time="0.006" classname="testclasses.TestNG_Preserve2"/>
</testsuite> <!-- testclasses.TestNG_Preserve2 -->
