<?xml version="1.0" encoding="UTF-8"?>
<!-- Generated by org.testng.reporters.JUnitReportReporter -->
<testsuite skipped="0" hostname="DESKTOP-OCALJE9" name="testclasses.TestNG_Prioritiy" tests="3" failures="0" timestamp="16 Apr 2020 06:12:48 GMT" time="0.015" errors="0">
  <testcase name="testMethod3" time="0.010" classname="testclasses.TestNG_Prioritiy"/>
  <testcase name="testMethod2" time="0.003" classname="testclasses.TestNG_Prioritiy"/>
  <testcase name="testMethod1" time="0.002" classname="testclasses.TestNG_Prioritiy"/>
</testsuite> <!-- testclasses.TestNG_Prioritiy -->
