<?xml version="1.0" encoding="UTF-8"?>
<!-- Generated by org.testng.reporters.JUnitReportReporter -->
<testsuite skipped="0" hostname="DESKTOP-GMO2ANI" name="testclasses.TestNG_Grouping" tests="4" failures="0" timestamp="14 May 2021 20:43:31 GMT" time="0.015" errors="0">
  <testcase name="testHondaCBR" time="0.003" classname="testclasses.TestNG_Grouping"/>
  <testcase name="testAudiA6" time="0.008" classname="testclasses.TestNG_Grouping"/>
  <testcase name="testNinja" time="0.002" classname="testclasses.TestNG_Grouping"/>
  <testcase name="testBMWX6" time="0.002" classname="testclasses.TestNG_Grouping"/>
</testsuite> <!-- testclasses.TestNG_Grouping -->
