<?xml version="1.0" encoding="UTF-8"?>
<!-- Generated by org.testng.reporters.JUnitReportReporter -->
<testsuite skipped="0" hostname="DESKTOP-GMO2ANI" name="testclasses.TestNG_TestClass2" tests="2" failures="0" timestamp="14 May 2021 20:08:25 GMT" time="0.004" errors="0">
  <testcase name="testMethod1" time="0.002" classname="testclasses.TestNG_TestClass2"/>
  <testcase name="testMethod2" time="0.002" classname="testclasses.TestNG_TestClass2"/>
</testsuite> <!-- testclasses.TestNG_TestClass2 -->
