<?xml version="1.0" encoding="UTF-8"?>
<!-- Generated by org.testng.reporters.JUnitReportReporter -->
<testsuite skipped="0" hostname="DESKTOP-GMO2ANI" name="testclasses.TestNG_DataProviders" tests="3" failures="0" timestamp="15 May 2021 07:12:19 GMT" time="0.018" errors="0">
  <testcase name="testMethod1" time="0.002" classname="testclasses.TestNG_DataProviders"/>
  <testcase name="testMethod1" time="0.005" classname="testclasses.TestNG_DataProviders"/>
  <testcase name="testMethod1" time="0.011" classname="testclasses.TestNG_DataProviders"/>
</testsuite> <!-- testclasses.TestNG_DataProviders -->
